darin@GentooPad ~ $ cd Git/advent_of_code_2024/
darin@GentooPad ~/Git/advent_of_code_2024 $ cd 14
darin@GentooPad ~/Git/advent_of_code_2024/14 $ less 14.out
darin@GentooPad ~/Git/advent_of_code_2024/14 $ ls
14.in  14.out  14.py  14.small.in
darin@GentooPad ~/Git/advent_of_code_2024/14 $ ll
total 24
drwxr-xr-x  2 darin darin   65 Dec 14 00:00 .
drwxr-xr-x 19 darin darin  212 Dec 13 22:56 ..
-rw-r--r--  1 darin darin 8331 Dec 13 23:23 14.in
           X              X            XX XXXXXXXXX       X                         X                  
                          X        X  XXXXXXXXXXXXX       X             X                              
  X                       X       XX XXXXXXXXXXXXXX       X                           X                
                X         X      XXXXXXXXXXXXXXXXXX       X                                            
                          X     XXXXXXXXXXXXXXXXXXXXXX    X                                            
                          X    XXXXXXXXXXXXXXXXXXXXXXX    X   X                X                       
                          X     XXXXXXXXXXXXXXXXXXXXXX    X                                            
                          X      XXXXXXXXXXXXXXXXXX       X         X                                  
               X          X       XX XXXXXXXXXXXXXX       X                                            
                          X        X  XXXXXXXXXXXXX       X            X                               
                          X            XX XXXXXXXXX       X                         X                  
         X         X      X             X  XXXXXXXX       X                                 X          
                          X                 XX XXXX       X                                     X      
       X               X  X                  X  XXX       X                                            
                      X   X                      XX       X                                            
                          X                       X       X                                    X       
                          X                               X                                            
                          X                               X                                            
                          X                               X                                            
          X               X                               X                               X            
        X                 XXXXXXXXXXXXXXXXXXXXXXXXXXXXXXXXX                                            
         X                                                                     X                X      
                                                                                                       
                                  X                                                                    
                                                                   X                                   
                    X                                                                                  
  X                                      X     X                                                       
                       X                                 X                                             
                 X                           X                                                         
                                                                                                       
                  X     X                                                                              
     X                                                                                                 
                                    X                                                                  
  X                             X                                                       X          X   
             X                                                                                         
                                                                                                       
                                                                                                       
                                                                                                    X  
                                                                           X                           
                                       X X                                                             
                                                                                                       
                                                                                                    X  
                 X          X                         X                                                
                X                                                                                      
                                                                         X       X                     
                                                  X                                          X         
  X                                                                                                    
                                                     X              X                                  
                                        X                X        X                                    
                                    X                 X                                                
                                                                                                       
                    XX                    X                           X                                
                                                                                                       
X  X                                X                                                                  
                            X                                           X                              
                                   X                 X                                               X 
                                                                                                       
                                                X                                             XX       
                           X                                                                           
               X                                            X                                          
                                                                                                       
                                                  X                                                    
        X                               X        X                   X                                 
                         X                                                           X                 
                                                                                                       
                                  X                                        X                           
                                                                             X                         
X                                                                                                      
